00:37:40: Creating resource group General
00:37:40: Creating resource group Internal
00:37:40: Creating resource group Autodetect
00:37:40: SceneManagerFactory for type 'DefaultSceneManager' registered.
00:37:40: Registering ResourceManager for type Material
00:37:40: Registering ResourceManager for type Mesh
00:37:40: Registering ResourceManager for type Skeleton
00:37:40: MovableObjectFactory for type 'ParticleSystem' registered.
00:37:40: ArchiveFactory for archive type FileSystem registered.
00:37:40: ArchiveFactory for archive type Zip registered.
00:37:40: ArchiveFactory for archive type EmbeddedZip registered.
00:37:40: DDS codec registering
00:37:40: FreeImage version: 3.15.4
00:37:40: This program uses FreeImage, a free, open source image library supporting all common bitmap formats. See http://freeimage.sourceforge.net for details
00:37:40: Supported formats: bmp,ico,jpg,jif,jpeg,jpe,jng,koa,iff,lbm,mng,pbm,pbm,pcd,pcx,pgm,pgm,png,ppm,ppm,ras,tga,targa,tif,tiff,wap,wbmp,wbm,psd,cut,xbm,xpm,gif,hdr,g3,sgi,exr,j2k,j2c,jp2,pfm,pct,pict,pic,3fr,arw,bay,bmq,cap,cine,cr2,crw,cs1,dc2,dcr,drf,dsc,dng,erf,fff,ia,iiq,k25,kc2,kdc,mdc,mef,mos,mrw,nef,nrw,orf,pef,ptx,pxn,qtk,raf,raw,rdc,rw2,rwl,rwz,sr2,srf,srw,sti
00:37:40: Registering ResourceManager for type HighLevelGpuProgram
00:37:40: Registering ResourceManager for type Compositor
00:37:40: MovableObjectFactory for type 'Entity' registered.
00:37:40: MovableObjectFactory for type 'Light' registered.
00:37:40: MovableObjectFactory for type 'BillboardSet' registered.
00:37:40: MovableObjectFactory for type 'ManualObject' registered.
00:37:40: MovableObjectFactory for type 'BillboardChain' registered.
00:37:40: MovableObjectFactory for type 'RibbonTrail' registered.
00:37:40: Loading library ./lib/RenderSystem_GL
00:37:40: Installing plugin: GL RenderSystem
00:37:40: OpenGL Rendering Subsystem created.
00:37:40: Plugin successfully installed
00:37:40: *-*-* OGRE Initialising
00:37:40: *-*-* Version 1.9.0 (Ghadamon)
00:37:40: Creating resource group 
00:37:40: Added resource location './media' of type 'FileSystem' to resource group ''
00:37:40: CPU Identifier & Features
00:37:40: -------------------------
00:37:40:  *   CPU ID: GenuineIntel: Intel(R) Core(TM) i7 CPU         920  @ 2.67GHz
00:37:40:  *      SSE: yes
00:37:40:  *     SSE2: yes
00:37:40:  *     SSE3: yes
00:37:40:  *      MMX: yes
00:37:40:  *   MMXEXT: yes
00:37:40:  *    3DNOW: no
00:37:40:  * 3DNOWEXT: no
00:37:40:  *     CMOV: yes
00:37:40:  *      TSC: yes
00:37:40:  *      FPU: yes
00:37:40:  *      PRO: yes
00:37:40:  *       HT: no
00:37:40: -------------------------
00:37:40: ******************************
*** Starting GLX Subsystem ***
******************************
00:37:40: Registering ResourceManager for type Texture
00:37:40: GLRenderSystem::_createRenderWindow "Ma fenetre", 1280x720 windowed  miscParams: FSAA=0 displayFrequency=51 Hz gamma=No vsync=No 
00:37:40: GLXWindow::create used FBConfigID = 237
00:37:40: GL_VERSION = 3.3.0 NVIDIA 331.38
00:37:40: GL_VENDOR = NVIDIA Corporation
00:37:40: GL_RENDERER = GeForce GTX 260/PCIe/SSE2
00:37:40: GL_EXTENSIONS = GL_ARB_arrays_of_arrays GL_ARB_base_instance GL_ARB_blend_func_extended GL_ARB_clear_buffer_object GL_ARB_color_buffer_float GL_ARB_compatibility GL_ARB_compressed_texture_pixel_storage GL_ARB_conservative_depth GL_ARB_copy_buffer GL_ARB_copy_image GL_ARB_debug_output GL_ARB_depth_buffer_float GL_ARB_depth_clamp GL_ARB_depth_texture GL_ARB_draw_buffers GL_ARB_draw_elements_base_vertex GL_ARB_draw_instanced GL_ARB_enhanced_layouts GL_ARB_ES2_compatibility GL_ARB_ES3_compatibility GL_ARB_explicit_attrib_location GL_ARB_explicit_uniform_location GL_ARB_fragment_coord_conventions GL_ARB_fragment_layer_viewport GL_ARB_fragment_program GL_ARB_fragment_program_shadow GL_ARB_fragment_shader GL_ARB_framebuffer_no_attachments GL_ARB_framebuffer_object GL_ARB_framebuffer_sRGB GL_ARB_geometry_shader4 GL_ARB_get_program_binary GL_ARB_half_float_pixel GL_ARB_half_float_vertex GL_ARB_imaging GL_ARB_instanced_arrays GL_ARB_internalformat_query GL_ARB_internalformat_query2 GL_ARB_invalidate_subdata GL_ARB_map_buffer_alignment GL_ARB_map_buffer_range GL_ARB_multi_bind GL_ARB_multisample GL_ARB_multitexture GL_ARB_occlusion_query GL_ARB_occlusion_query2 GL_ARB_pixel_buffer_object GL_ARB_point_parameters GL_ARB_point_sprite GL_ARB_program_interface_query GL_ARB_provoking_vertex GL_ARB_robust_buffer_access_behavior GL_ARB_robustness GL_ARB_sampler_objects GL_ARB_seamless_cube_map GL_ARB_separate_shader_objects GL_ARB_shader_bit_encoding GL_ARB_shader_objects GL_ARB_shader_texture_lod GL_ARB_shading_language_100 GL_ARB_shading_language_420pack GL_ARB_shading_language_include GL_ARB_shading_language_packing GL_ARB_shadow GL_ARB_stencil_texturing GL_ARB_sync GL_ARB_texture_border_clamp GL_ARB_texture_buffer_object GL_ARB_texture_buffer_range GL_ARB_texture_compression GL_ARB_texture_compression_rgtc GL_ARB_texture_cube_map GL_ARB_texture_env_add GL_ARB_texture_env_combine GL_ARB_texture_env_crossbar GL_ARB_texture_env_dot3 GL_ARB_texture_float GL_ARB_texture_mirror_clamp_to_edge GL_ARB_texture_mirrored_repeat GL_ARB_texture_multisample GL_ARB_texture_non_power_of_two GL_ARB_texture_query_levels GL_ARB_texture_rectangle GL_ARB_texture_rg GL_ARB_texture_rgb10_a2ui GL_ARB_texture_stencil8 GL_ARB_texture_storage GL_ARB_texture_storage_multisample GL_ARB_texture_swizzle GL_ARB_texture_view GL_ARB_timer_query GL_ARB_transform_feedback2 GL_ARB_transform_feedback_instanced GL_ARB_transpose_matrix GL_ARB_uniform_buffer_object GL_ARB_vertex_array_bgra GL_ARB_vertex_array_object GL_ARB_vertex_attrib_binding GL_ARB_vertex_buffer_object GL_ARB_vertex_program GL_ARB_vertex_shader GL_ARB_vertex_type_10f_11f_11f_rev GL_ARB_vertex_type_2_10_10_10_rev GL_ARB_viewport_array GL_ARB_window_pos GL_ATI_draw_buffers GL_ATI_texture_float GL_ATI_texture_mirror_once GL_S3_s3tc GL_EXT_texture_env_add GL_EXT_abgr GL_EXT_bgra GL_EXT_bindable_uniform GL_EXT_blend_color GL_EXT_blend_equation_separate GL_EXT_blend_func_separate GL_EXT_blend_minmax GL_EXT_blend_subtract GL_EXT_compiled_vertex_array GL_EXT_Cg_shader GL_EXT_depth_bounds_test GL_EXT_direct_state_access GL_EXT_draw_buffers2 GL_EXT_draw_instanced GL_EXT_draw_range_elements GL_EXT_fog_coord GL_EXT_framebuffer_blit GL_EXT_framebuffer_multisample GL_EXTX_framebuffer_mixed_formats GL_EXT_framebuffer_multisample_blit_scaled GL_EXT_framebuffer_object GL_EXT_framebuffer_sRGB GL_EXT_geometry_shader4 GL_EXT_gpu_program_parameters GL_EXT_gpu_shader4 GL_EXT_multi_draw_arrays GL_EXT_packed_depth_stencil GL_EXT_packed_float GL_EXT_packed_pixels GL_EXT_pixel_buffer_object GL_EXT_point_parameters GL_EXT_provoking_vertex GL_EXT_rescale_normal GL_EXT_secondary_color GL_EXT_separate_shader_objects GL_EXT_separate_specular_color GL_EXT_shadow_funcs GL_EXT_stencil_two_side GL_EXT_stencil_wrap GL_EXT_texture3D GL_EXT_texture_array GL_EXT_texture_buffer_object GL_EXT_texture_compression_dxt1 GL_EXT_texture_compression_latc GL_EXT_texture_compression_rgtc GL_EXT_texture_compression_s3tc GL_EXT_texture_cube_map GL_EXT_texture_edge_clamp GL_EXT_texture_env_combine GL_EXT_texture_env_dot3 GL_EXT_texture_filter_anisotropic GL_EXT_texture_integer GL_EXT_texture_lod GL_EXT_texture_lod_bias GL_EXT_texture_mirror_clamp GL_EXT_texture_object GL_EXT_texture_shared_exponent GL_EXT_texture_sRGB GL_EXT_texture_sRGB_decode GL_EXT_texture_storage GL_EXT_texture_swizzle GL_EXT_timer_query GL_EXT_transform_feedback2 GL_EXT_vertex_array GL_EXT_vertex_array_bgra GL_EXT_x11_sync_object GL_EXT_import_sync_object GL_IBM_rasterpos_clip GL_IBM_texture_mirrored_repeat GL_KHR_debug GL_KTX_buffer_region GL_NV_blend_square GL_NV_conditional_render GL_NV_copy_depth_to_color GL_NV_copy_image GL_NV_depth_buffer_float GL_NV_depth_clamp GL_NV_ES1_1_compatibility GL_NV_explicit_multisample GL_NV_fence GL_NV_float_buffer GL_NV_fog_distance GL_NV_fragment_program GL_NV_fragment_program_option GL_NV_fragment_program2 GL_NV_framebuffer_multisample_coverage GL_NV_geometry_shader4 GL_NV_gpu_program4 GL_NV_half_float GL_NV_light_max_exponent GL_NV_multisample_coverage GL_NV_multisample_filter_hint GL_NV_occlusion_query GL_NV_packed_depth_stencil GL_NV_parameter_buffer_object GL_NV_parameter_buffer_object2 GL_NV_path_rendering GL_NV_pixel_data_range GL_NV_point_sprite GL_NV_primitive_restart GL_NV_register_combiners GL_NV_register_combiners2 GL_NV_shader_buffer_load GL_NV_texgen_reflection GL_NV_texture_barrier GL_NV_texture_compression_vtc GL_NV_texture_env_combine4 GL_NV_texture_expand_normal GL_NV_texture_multisample GL_NV_texture_rectangle GL_NV_texture_shader GL_NV_texture_shader2 GL_NV_texture_shader3 GL_NV_transform_feedback GL_NV_transform_feedback2 GL_NV_vdpau_interop GL_NV_vertex_array_range GL_NV_vertex_array_range2 GL_NV_vertex_buffer_unified_memory GL_NV_vertex_program GL_NV_vertex_program1_1 GL_NV_vertex_program2 GL_NV_vertex_program2_option GL_NV_vertex_program3 GL_NVX_conditional_render GL_NVX_gpu_memory_info GL_SGIS_generate_mipmap GL_SGIS_texture_lod GL_SGIX_depth_texture GL_SGIX_shadow GL_SUN_slice_accum 
00:37:40: Supported GLX extensions: GLX_EXT_visual_info GLX_EXT_visual_rating GLX_SGIX_fbconfig GLX_SGIX_pbuffer GLX_SGI_video_sync GLX_SGI_swap_control GLX_EXT_swap_control GLX_EXT_swap_control_tear GLX_EXT_texture_from_pixmap GLX_EXT_buffer_age GLX_ARB_create_context GLX_ARB_create_context_profile GLX_EXT_create_context_es_profile GLX_EXT_create_context_es2_profile GLX_ARB_create_context_robustness GLX_ARB_multisample GLX_NV_float_buffer GLX_ARB_fbconfig_float GLX_EXT_framebuffer_sRGB GLX_NV_multisample_coverage GLX_ARB_get_proc_address 
00:37:40: ***************************
00:37:40: *** GL Renderer Started ***
00:37:40: ***************************
00:37:40: Registering ResourceManager for type GpuProgram
00:37:40: GLSL support detected
00:37:40: GL: Using PBuffers for rendering to textures
00:37:40: RenderSystem capabilities
00:37:40: -------------------------
00:37:40: RenderSystem Name: OpenGL Rendering Subsystem
00:37:40: GPU Vendor: nvidia
00:37:40: Device Name: GeForce GTX 260/PCIe/SSE2
00:37:40: Driver Version: 3.3.0.0
00:37:40:  * Fixed function pipeline: yes
00:37:40:  * Hardware generation of mipmaps: yes
00:37:40:  * Texture blending: yes
00:37:40:  * Anisotropic texture filtering: yes
00:37:40:  * Dot product texture operation: yes
00:37:40:  * Cube mapping: yes
00:37:40:  * Hardware stencil buffer: yes
00:37:40:    - Stencil depth: 8
00:37:40:    - Two sided stencil support: yes
00:37:40:    - Wrap stencil values: yes
00:37:40:  * Hardware vertex / index buffers: yes
00:37:40:  * 32-bit index buffers: yes
00:37:40:  * Vertex programs: yes
00:37:40:  * Number of floating-point constants for vertex programs: 1024
00:37:40:  * Number of integer constants for vertex programs: 0
00:37:40:  * Number of boolean constants for vertex programs: 0
00:37:40:  * Fragment programs: yes
00:37:40:  * Number of floating-point constants for fragment programs: 512
00:37:40:  * Number of integer constants for fragment programs: 0
00:37:40:  * Number of boolean constants for fragment programs: 0
00:37:40:  * Geometry programs: yes
00:37:40:  * Number of floating-point constants for geometry programs: 2048
00:37:40:  * Number of integer constants for geometry programs: 0
00:37:40:  * Number of boolean constants for geometry programs: 0
00:37:40:  * Tesselation Hull programs: no
00:37:40:  * Number of floating-point constants for tesselation hull programs: 0
00:37:40:  * Number of integer constants for tesselation hull programs: 0
00:37:40:  * Number of boolean constants for tesselation hull programs: 0
00:37:40:  * Tesselation Domain programs: no
00:37:40:  * Number of floating-point constants for tesselation domain programs: 0
00:37:40:  * Number of integer constants for tesselation domain programs: 0
00:37:40:  * Number of boolean constants for tesselation domain programs: 0
00:37:40:  * Compute programs: no
00:37:40:  * Number of floating-point constants for compute programs: 0
00:37:40:  * Number of integer constants for compute programs: 0
00:37:40:  * Number of boolean constants for compute programs: 0
00:37:40:  * Supported Shader Profiles: arbfp1 arbvp1 fp20 fp30 fp40 glsl glsl100 glsl110 glsl120 gp4fp gp4gp gp4vp gpu_fp gpu_gp gpu_vp nvgp4 vp30 vp40
00:37:40:  * Texture Compression: yes
00:37:40:    - DXT: yes
00:37:40:    - VTC: yes
00:37:40:    - PVRTC: no
00:37:40:    - ATC: no
00:37:40:    - ETC1: no
00:37:40:    - ETC2: no
00:37:40:    - BC4/BC5: no
00:37:40:    - BC6H/BC7: no
00:37:40:  * Scissor Rectangle: yes
00:37:40:  * Hardware Occlusion Query: yes
00:37:40:  * User clip planes: yes
00:37:40:  * VET_UBYTE4 vertex element type: yes
00:37:40:  * Infinite far plane projection: yes
00:37:40:  * Hardware render-to-texture: yes
00:37:40:  * Floating point textures: yes
00:37:40:  * Non-power-of-two textures: yes
00:37:40:  * 1d textures: yes
00:37:40:  * Volume textures: yes
00:37:40:  * Multiple Render Targets: 1
00:37:40:    - With different bit depths: yes
00:37:40:  * Point Sprites: yes
00:37:40:  * Extended point parameters: yes
00:37:40:  * Max Point Size: 2047
00:37:40:  * Vertex texture fetch: yes
00:37:40:  * Number of world matrices: 0
00:37:40:  * Number of texture units: 16
00:37:40:  * Stencil buffer depth: 8
00:37:40:  * Number of vertex blend matrices: 0
00:37:40:    - Max vertex textures: 32
00:37:40:    - Vertex textures shared: yes
00:37:40:  * Render to Vertex Buffer : yes
00:37:40:  * Hardware Atomic Counters: no
00:37:40:  * GL 1.5 without VBO workaround: no
00:37:40:  * Frame Buffer objects: yes
00:37:40:  * Frame Buffer objects (ARB extension): no
00:37:40:  * Frame Buffer objects (ATI extension): no
00:37:40:  * PBuffer support: yes
00:37:40:  * GL 1.5 without HW-occlusion workaround: no
00:37:40:  * Vertex Array Objects: no
00:37:40:  * Separate shader objects: no
00:37:40: DefaultWorkQueue('Root') initialising on thread 7f7516b6c840.
00:37:40: DefaultWorkQueue('Root')::WorkerFunc - thread 7f750af74700 starting.
00:37:40: DefaultWorkQueue('Root')::WorkerFunc - thread 7f7509f72700 starting.
00:37:40: DefaultWorkQueue('Root')::WorkerFunc - thread 7f750b775700 starting.
00:37:40: DefaultWorkQueue('Root')::WorkerFunc - thread 7f750bf76700 starting.
00:37:40: DefaultWorkQueue('Root')::WorkerFunc - thread 7f750a773700 starting.
00:37:40: DefaultWorkQueue('Root')::WorkerFunc - thread 7f7509771700 starting.
00:37:40: DefaultWorkQueue('Root')::WorkerFunc - thread 7f7503fff700 starting.
00:37:40: DefaultWorkQueue('Root')::WorkerFunc - thread 7f7508f70700 starting.
00:37:40: Particle Renderer Type 'billboard' registered
00:37:40: Parsing scripts for resource group 
00:37:40: Parsing script grassFloor.material
00:37:40: Parsing script Penguin.material
00:37:40: Parsing script test.material
00:37:40: Finished parsing scripts for resource group 
00:37:40: Creating resources for group 
00:37:40: All done
00:37:40: Parsing scripts for resource group Autodetect
00:37:40: Finished parsing scripts for resource group Autodetect
00:37:40: Creating resources for group Autodetect
00:37:40: All done
00:37:40: Parsing scripts for resource group General
00:37:40: Finished parsing scripts for resource group General
00:37:40: Creating resources for group General
00:37:40: All done
00:37:40: Parsing scripts for resource group Internal
00:37:40: Finished parsing scripts for resource group Internal
00:37:40: Creating resources for group Internal
00:37:40: All done
00:37:40: Mesh: Loading Cylinder.mesh.
00:37:40: Skeleton: Loading Cylinder.skeleton
00:37:40: Texture: Protecteur.png: Loading 1 faces(PF_A8R8G8B8,1024x1024x1) with 5 hardware generated mipmaps from Image. Internal format is PF_A8R8G8B8,1024x1024x1.
00:37:40: Texture: grass_1024.jpg: Loading 1 faces(PF_R8G8B8,1024x1024x1) with 5 hardware generated mipmaps from Image. Internal format is PF_X8R8G8B8,1024x1024x1.
00:37:40: Mesh: Loading robot.mesh.
00:37:40: Skeleton: Loading robot.skeleton
00:37:40: Can't assign material Examples/Robot to SubEntity of Robot because this Material does not exist. Have you forgotten to define it in a .material script?
00:37:40: *** Initializing OIS ***
00:38:06: DefaultWorkQueue('Root') shutting down on thread 7f7516b6c840.
00:38:06: DefaultWorkQueue('Root')::WorkerFunc - thread 7f750b775700 stopped.
00:38:06: DefaultWorkQueue('Root')::WorkerFunc - thread 7f7509771700 stopped.
00:38:06: DefaultWorkQueue('Root')::WorkerFunc - thread 7f7509f72700 stopped.
00:38:06: DefaultWorkQueue('Root')::WorkerFunc - thread 7f750bf76700 stopped.
00:38:06: DefaultWorkQueue('Root')::WorkerFunc - thread 7f750a773700 stopped.
00:38:06: DefaultWorkQueue('Root')::WorkerFunc - thread 7f750af74700 stopped.
00:38:06: DefaultWorkQueue('Root')::WorkerFunc - thread 7f7503fff700 stopped.
00:38:06: DefaultWorkQueue('Root')::WorkerFunc - thread 7f7508f70700 stopped.
00:38:06: *-*-* OGRE Shutdown
00:38:06: Unregistering ResourceManager for type Compositor
00:38:06: Unregistering ResourceManager for type Skeleton
00:38:06: Unregistering ResourceManager for type Mesh
00:38:06: Unregistering ResourceManager for type HighLevelGpuProgram
00:38:06: Uninstalling plugin: GL RenderSystem
00:38:06: Unregistering ResourceManager for type GpuProgram
00:38:06: ******************************
*** Stopping GLX Subsystem ***
******************************
00:38:06: Unregistering ResourceManager for type Texture
00:38:06: Plugin successfully uninstalled
00:38:06: Unloading library ./lib/RenderSystem_GL
00:38:07: Unregistering ResourceManager for type Material
